<?xml version="1.0" encoding="UTF-8"?>
<testsuite xmlns:xsi="http://www.w3.org/2001/XMLSchema-instance" xsi:noNamespaceSchemaLocation="https://maven.apache.org/surefire/maven-surefire-plugin/xsd/surefire-test-report.xsd" name="com.scu.student.SchoolApplicationTests" time="6.13" tests="3" errors="0" skipped="0" failures="0">
  <properties>
    <property name="sun.desktop" value="windows"/>
    <property name="awt.toolkit" value="sun.awt.windows.WToolkit"/>
    <property name="file.encoding.pkg" value="sun.io"/>
    <property name="java.specification.version" value="1.8"/>
    <property name="sun.cpu.isalist" value="amd64"/>
    <property name="sun.jnu.encoding" value="GBK"/>
    <property name="java.class.path" value="D:\后端\School\target\test-classes;D:\后端\School\target\classes;D:\apache-maven-3.8.5\repo\org\springframework\boot\spring-boot-starter-web\2.7.1\spring-boot-starter-web-2.7.1.jar;D:\apache-maven-3.8.5\repo\org\springframework\boot\spring-boot-starter\2.7.1\spring-boot-starter-2.7.1.jar;D:\apache-maven-3.8.5\repo\org\springframework\boot\spring-boot-starter-logging\2.7.1\spring-boot-starter-logging-2.7.1.jar;D:\apache-maven-3.8.5\repo\ch\qos\logback\logback-classic\1.2.11\logback-classic-1.2.11.jar;D:\apache-maven-3.8.5\repo\ch\qos\logback\logback-core\1.2.11\logback-core-1.2.11.jar;D:\apache-maven-3.8.5\repo\org\apache\logging\log4j\log4j-to-slf4j\2.17.2\log4j-to-slf4j-2.17.2.jar;D:\apache-maven-3.8.5\repo\org\apache\logging\log4j\log4j-api\2.17.2\log4j-api-2.17.2.jar;D:\apache-maven-3.8.5\repo\org\slf4j\jul-to-slf4j\1.7.36\jul-to-slf4j-1.7.36.jar;D:\apache-maven-3.8.5\repo\jakarta\annotation\jakarta.annotation-api\1.3.5\jakarta.annotation-api-1.3.5.jar;D:\apache-maven-3.8.5\repo\org\yaml\snakeyaml\1.30\snakeyaml-1.30.jar;D:\apache-maven-3.8.5\repo\org\springframework\boot\spring-boot-starter-json\2.7.1\spring-boot-starter-json-2.7.1.jar;D:\apache-maven-3.8.5\repo\com\fasterxml\jackson\core\jackson-databind\2.13.3\jackson-databind-2.13.3.jar;D:\apache-maven-3.8.5\repo\com\fasterxml\jackson\core\jackson-annotations\2.13.3\jackson-annotations-2.13.3.jar;D:\apache-maven-3.8.5\repo\com\fasterxml\jackson\core\jackson-core\2.13.3\jackson-core-2.13.3.jar;D:\apache-maven-3.8.5\repo\com\fasterxml\jackson\datatype\jackson-datatype-jdk8\2.13.3\jackson-datatype-jdk8-2.13.3.jar;D:\apache-maven-3.8.5\repo\com\fasterxml\jackson\datatype\jackson-datatype-jsr310\2.13.3\jackson-datatype-jsr310-2.13.3.jar;D:\apache-maven-3.8.5\repo\com\fasterxml\jackson\module\jackson-module-parameter-names\2.13.3\jackson-module-parameter-names-2.13.3.jar;D:\apache-maven-3.8.5\repo\org\springframework\boot\spring-boot-starter-tomcat\2.7.1\spring-boot-starter-tomcat-2.7.1.jar;D:\apache-maven-3.8.5\repo\org\apache\tomcat\embed\tomcat-embed-core\9.0.64\tomcat-embed-core-9.0.64.jar;D:\apache-maven-3.8.5\repo\org\apache\tomcat\embed\tomcat-embed-el\9.0.64\tomcat-embed-el-9.0.64.jar;D:\apache-maven-3.8.5\repo\org\apache\tomcat\embed\tomcat-embed-websocket\9.0.64\tomcat-embed-websocket-9.0.64.jar;D:\apache-maven-3.8.5\repo\org\springframework\spring-web\5.3.21\spring-web-5.3.21.jar;D:\apache-maven-3.8.5\repo\org\springframework\spring-beans\5.3.21\spring-beans-5.3.21.jar;D:\apache-maven-3.8.5\repo\org\springframework\spring-webmvc\5.3.21\spring-webmvc-5.3.21.jar;D:\apache-maven-3.8.5\repo\org\springframework\spring-aop\5.3.21\spring-aop-5.3.21.jar;D:\apache-maven-3.8.5\repo\org\springframework\spring-context\5.3.21\spring-context-5.3.21.jar;D:\apache-maven-3.8.5\repo\org\springframework\spring-expression\5.3.21\spring-expression-5.3.21.jar;D:\apache-maven-3.8.5\repo\org\mybatis\spring\boot\mybatis-spring-boot-starter\2.2.2\mybatis-spring-boot-starter-2.2.2.jar;D:\apache-maven-3.8.5\repo\org\springframework\boot\spring-boot-starter-jdbc\2.7.1\spring-boot-starter-jdbc-2.7.1.jar;D:\apache-maven-3.8.5\repo\com\zaxxer\HikariCP\4.0.3\HikariCP-4.0.3.jar;D:\apache-maven-3.8.5\repo\org\springframework\spring-jdbc\5.3.21\spring-jdbc-5.3.21.jar;D:\apache-maven-3.8.5\repo\org\springframework\spring-tx\5.3.21\spring-tx-5.3.21.jar;D:\apache-maven-3.8.5\repo\org\mybatis\spring\boot\mybatis-spring-boot-autoconfigure\2.2.2\mybatis-spring-boot-autoconfigure-2.2.2.jar;D:\apache-maven-3.8.5\repo\org\mybatis\mybatis\3.5.9\mybatis-3.5.9.jar;D:\apache-maven-3.8.5\repo\org\mybatis\mybatis-spring\2.0.7\mybatis-spring-2.0.7.jar;D:\apache-maven-3.8.5\repo\mysql\mysql-connector-java\8.0.29\mysql-connector-java-8.0.29.jar;D:\apache-maven-3.8.5\repo\org\springframework\boot\spring-boot-starter-test\2.7.1\spring-boot-starter-test-2.7.1.jar;D:\apache-maven-3.8.5\repo\org\springframework\boot\spring-boot-test\2.7.1\spring-boot-test-2.7.1.jar;D:\apache-maven-3.8.5\repo\org\springframework\boot\spring-boot-test-autoconfigure\2.7.1\spring-boot-test-autoconfigure-2.7.1.jar;D:\apache-maven-3.8.5\repo\com\jayway\jsonpath\json-path\2.7.0\json-path-2.7.0.jar;D:\apache-maven-3.8.5\repo\net\minidev\json-smart\2.4.8\json-smart-2.4.8.jar;D:\apache-maven-3.8.5\repo\net\minidev\accessors-smart\2.4.8\accessors-smart-2.4.8.jar;D:\apache-maven-3.8.5\repo\org\ow2\asm\asm\9.1\asm-9.1.jar;D:\apache-maven-3.8.5\repo\org\slf4j\slf4j-api\1.7.36\slf4j-api-1.7.36.jar;D:\apache-maven-3.8.5\repo\jakarta\xml\bind\jakarta.xml.bind-api\2.3.3\jakarta.xml.bind-api-2.3.3.jar;D:\apache-maven-3.8.5\repo\jakarta\activation\jakarta.activation-api\1.2.2\jakarta.activation-api-1.2.2.jar;D:\apache-maven-3.8.5\repo\org\assertj\assertj-core\3.22.0\assertj-core-3.22.0.jar;D:\apache-maven-3.8.5\repo\org\hamcrest\hamcrest\2.2\hamcrest-2.2.jar;D:\apache-maven-3.8.5\repo\org\junit\jupiter\junit-jupiter\5.8.2\junit-jupiter-5.8.2.jar;D:\apache-maven-3.8.5\repo\org\junit\jupiter\junit-jupiter-api\5.8.2\junit-jupiter-api-5.8.2.jar;D:\apache-maven-3.8.5\repo\org\opentest4j\opentest4j\1.2.0\opentest4j-1.2.0.jar;D:\apache-maven-3.8.5\repo\org\junit\platform\junit-platform-commons\1.8.2\junit-platform-commons-1.8.2.jar;D:\apache-maven-3.8.5\repo\org\apiguardian\apiguardian-api\1.1.2\apiguardian-api-1.1.2.jar;D:\apache-maven-3.8.5\repo\org\junit\jupiter\junit-jupiter-params\5.8.2\junit-jupiter-params-5.8.2.jar;D:\apache-maven-3.8.5\repo\org\junit\jupiter\junit-jupiter-engine\5.8.2\junit-jupiter-engine-5.8.2.jar;D:\apache-maven-3.8.5\repo\org\junit\platform\junit-platform-engine\1.8.2\junit-platform-engine-1.8.2.jar;D:\apache-maven-3.8.5\repo\org\mockito\mockito-core\4.5.1\mockito-core-4.5.1.jar;D:\apache-maven-3.8.5\repo\net\bytebuddy\byte-buddy\1.12.11\byte-buddy-1.12.11.jar;D:\apache-maven-3.8.5\repo\net\bytebuddy\byte-buddy-agent\1.12.11\byte-buddy-agent-1.12.11.jar;D:\apache-maven-3.8.5\repo\org\objenesis\objenesis\3.2\objenesis-3.2.jar;D:\apache-maven-3.8.5\repo\org\mockito\mockito-junit-jupiter\4.5.1\mockito-junit-jupiter-4.5.1.jar;D:\apache-maven-3.8.5\repo\org\skyscreamer\jsonassert\1.5.0\jsonassert-1.5.0.jar;D:\apache-maven-3.8.5\repo\com\vaadin\external\google\android-json\0.0.20131108.vaadin1\android-json-0.0.20131108.vaadin1.jar;D:\apache-maven-3.8.5\repo\org\springframework\spring-core\5.3.21\spring-core-5.3.21.jar;D:\apache-maven-3.8.5\repo\org\springframework\spring-jcl\5.3.21\spring-jcl-5.3.21.jar;D:\apache-maven-3.8.5\repo\org\springframework\spring-test\5.3.21\spring-test-5.3.21.jar;D:\apache-maven-3.8.5\repo\org\xmlunit\xmlunit-core\2.9.0\xmlunit-core-2.9.0.jar;D:\apache-maven-3.8.5\repo\com\alibaba\druid\1.2.11\druid-1.2.11.jar;D:\apache-maven-3.8.5\repo\org\springframework\boot\spring-boot-devtools\2.7.1\spring-boot-devtools-2.7.1.jar;D:\apache-maven-3.8.5\repo\org\springframework\boot\spring-boot\2.7.1\spring-boot-2.7.1.jar;D:\apache-maven-3.8.5\repo\org\springframework\boot\spring-boot-autoconfigure\2.7.1\spring-boot-autoconfigure-2.7.1.jar;"/>
    <property name="java.vm.vendor" value="Oracle Corporation"/>
    <property name="sun.arch.data.model" value="64"/>
    <property name="user.variant" value=""/>
    <property name="java.vendor.url" value="http://java.oracle.com/"/>
    <property name="user.timezone" value="Asia/Shanghai"/>
    <property name="java.vm.specification.version" value="1.8"/>
    <property name="os.name" value="Windows 10"/>
    <property name="user.country" value="CN"/>
    <property name="sun.java.launcher" value="SUN_STANDARD"/>
    <property name="sun.boot.library.path" value="D:\Java_jdk1.8.0_101\jre\bin"/>
    <property name="sun.java.command" value="C:\Users\陶功林\AppData\Local\Temp\surefire4685428446714310531\surefirebooter2389858916836587756.jar C:\Users\陶功林\AppData\Local\Temp\surefire4685428446714310531 2022-07-18T08-57-30_738-jvmRun1 surefire8162473598369141102tmp surefire_06055548027775128520tmp"/>
    <property name="surefire.test.class.path" value="D:\后端\School\target\test-classes;D:\后端\School\target\classes;D:\apache-maven-3.8.5\repo\org\springframework\boot\spring-boot-starter-web\2.7.1\spring-boot-starter-web-2.7.1.jar;D:\apache-maven-3.8.5\repo\org\springframework\boot\spring-boot-starter\2.7.1\spring-boot-starter-2.7.1.jar;D:\apache-maven-3.8.5\repo\org\springframework\boot\spring-boot-starter-logging\2.7.1\spring-boot-starter-logging-2.7.1.jar;D:\apache-maven-3.8.5\repo\ch\qos\logback\logback-classic\1.2.11\logback-classic-1.2.11.jar;D:\apache-maven-3.8.5\repo\ch\qos\logback\logback-core\1.2.11\logback-core-1.2.11.jar;D:\apache-maven-3.8.5\repo\org\apache\logging\log4j\log4j-to-slf4j\2.17.2\log4j-to-slf4j-2.17.2.jar;D:\apache-maven-3.8.5\repo\org\apache\logging\log4j\log4j-api\2.17.2\log4j-api-2.17.2.jar;D:\apache-maven-3.8.5\repo\org\slf4j\jul-to-slf4j\1.7.36\jul-to-slf4j-1.7.36.jar;D:\apache-maven-3.8.5\repo\jakarta\annotation\jakarta.annotation-api\1.3.5\jakarta.annotation-api-1.3.5.jar;D:\apache-maven-3.8.5\repo\org\yaml\snakeyaml\1.30\snakeyaml-1.30.jar;D:\apache-maven-3.8.5\repo\org\springframework\boot\spring-boot-starter-json\2.7.1\spring-boot-starter-json-2.7.1.jar;D:\apache-maven-3.8.5\repo\com\fasterxml\jackson\core\jackson-databind\2.13.3\jackson-databind-2.13.3.jar;D:\apache-maven-3.8.5\repo\com\fasterxml\jackson\core\jackson-annotations\2.13.3\jackson-annotations-2.13.3.jar;D:\apache-maven-3.8.5\repo\com\fasterxml\jackson\core\jackson-core\2.13.3\jackson-core-2.13.3.jar;D:\apache-maven-3.8.5\repo\com\fasterxml\jackson\datatype\jackson-datatype-jdk8\2.13.3\jackson-datatype-jdk8-2.13.3.jar;D:\apache-maven-3.8.5\repo\com\fasterxml\jackson\datatype\jackson-datatype-jsr310\2.13.3\jackson-datatype-jsr310-2.13.3.jar;D:\apache-maven-3.8.5\repo\com\fasterxml\jackson\module\jackson-module-parameter-names\2.13.3\jackson-module-parameter-names-2.13.3.jar;D:\apache-maven-3.8.5\repo\org\springframework\boot\spring-boot-starter-tomcat\2.7.1\spring-boot-starter-tomcat-2.7.1.jar;D:\apache-maven-3.8.5\repo\org\apache\tomcat\embed\tomcat-embed-core\9.0.64\tomcat-embed-core-9.0.64.jar;D:\apache-maven-3.8.5\repo\org\apache\tomcat\embed\tomcat-embed-el\9.0.64\tomcat-embed-el-9.0.64.jar;D:\apache-maven-3.8.5\repo\org\apache\tomcat\embed\tomcat-embed-websocket\9.0.64\tomcat-embed-websocket-9.0.64.jar;D:\apache-maven-3.8.5\repo\org\springframework\spring-web\5.3.21\spring-web-5.3.21.jar;D:\apache-maven-3.8.5\repo\org\springframework\spring-beans\5.3.21\spring-beans-5.3.21.jar;D:\apache-maven-3.8.5\repo\org\springframework\spring-webmvc\5.3.21\spring-webmvc-5.3.21.jar;D:\apache-maven-3.8.5\repo\org\springframework\spring-aop\5.3.21\spring-aop-5.3.21.jar;D:\apache-maven-3.8.5\repo\org\springframework\spring-context\5.3.21\spring-context-5.3.21.jar;D:\apache-maven-3.8.5\repo\org\springframework\spring-expression\5.3.21\spring-expression-5.3.21.jar;D:\apache-maven-3.8.5\repo\org\mybatis\spring\boot\mybatis-spring-boot-starter\2.2.2\mybatis-spring-boot-starter-2.2.2.jar;D:\apache-maven-3.8.5\repo\org\springframework\boot\spring-boot-starter-jdbc\2.7.1\spring-boot-starter-jdbc-2.7.1.jar;D:\apache-maven-3.8.5\repo\com\zaxxer\HikariCP\4.0.3\HikariCP-4.0.3.jar;D:\apache-maven-3.8.5\repo\org\springframework\spring-jdbc\5.3.21\spring-jdbc-5.3.21.jar;D:\apache-maven-3.8.5\repo\org\springframework\spring-tx\5.3.21\spring-tx-5.3.21.jar;D:\apache-maven-3.8.5\repo\org\mybatis\spring\boot\mybatis-spring-boot-autoconfigure\2.2.2\mybatis-spring-boot-autoconfigure-2.2.2.jar;D:\apache-maven-3.8.5\repo\org\mybatis\mybatis\3.5.9\mybatis-3.5.9.jar;D:\apache-maven-3.8.5\repo\org\mybatis\mybatis-spring\2.0.7\mybatis-spring-2.0.7.jar;D:\apache-maven-3.8.5\repo\mysql\mysql-connector-java\8.0.29\mysql-connector-java-8.0.29.jar;D:\apache-maven-3.8.5\repo\org\springframework\boot\spring-boot-starter-test\2.7.1\spring-boot-starter-test-2.7.1.jar;D:\apache-maven-3.8.5\repo\org\springframework\boot\spring-boot-test\2.7.1\spring-boot-test-2.7.1.jar;D:\apache-maven-3.8.5\repo\org\springframework\boot\spring-boot-test-autoconfigure\2.7.1\spring-boot-test-autoconfigure-2.7.1.jar;D:\apache-maven-3.8.5\repo\com\jayway\jsonpath\json-path\2.7.0\json-path-2.7.0.jar;D:\apache-maven-3.8.5\repo\net\minidev\json-smart\2.4.8\json-smart-2.4.8.jar;D:\apache-maven-3.8.5\repo\net\minidev\accessors-smart\2.4.8\accessors-smart-2.4.8.jar;D:\apache-maven-3.8.5\repo\org\ow2\asm\asm\9.1\asm-9.1.jar;D:\apache-maven-3.8.5\repo\org\slf4j\slf4j-api\1.7.36\slf4j-api-1.7.36.jar;D:\apache-maven-3.8.5\repo\jakarta\xml\bind\jakarta.xml.bind-api\2.3.3\jakarta.xml.bind-api-2.3.3.jar;D:\apache-maven-3.8.5\repo\jakarta\activation\jakarta.activation-api\1.2.2\jakarta.activation-api-1.2.2.jar;D:\apache-maven-3.8.5\repo\org\assertj\assertj-core\3.22.0\assertj-core-3.22.0.jar;D:\apache-maven-3.8.5\repo\org\hamcrest\hamcrest\2.2\hamcrest-2.2.jar;D:\apache-maven-3.8.5\repo\org\junit\jupiter\junit-jupiter\5.8.2\junit-jupiter-5.8.2.jar;D:\apache-maven-3.8.5\repo\org\junit\jupiter\junit-jupiter-api\5.8.2\junit-jupiter-api-5.8.2.jar;D:\apache-maven-3.8.5\repo\org\opentest4j\opentest4j\1.2.0\opentest4j-1.2.0.jar;D:\apache-maven-3.8.5\repo\org\junit\platform\junit-platform-commons\1.8.2\junit-platform-commons-1.8.2.jar;D:\apache-maven-3.8.5\repo\org\apiguardian\apiguardian-api\1.1.2\apiguardian-api-1.1.2.jar;D:\apache-maven-3.8.5\repo\org\junit\jupiter\junit-jupiter-params\5.8.2\junit-jupiter-params-5.8.2.jar;D:\apache-maven-3.8.5\repo\org\junit\jupiter\junit-jupiter-engine\5.8.2\junit-jupiter-engine-5.8.2.jar;D:\apache-maven-3.8.5\repo\org\junit\platform\junit-platform-engine\1.8.2\junit-platform-engine-1.8.2.jar;D:\apache-maven-3.8.5\repo\org\mockito\mockito-core\4.5.1\mockito-core-4.5.1.jar;D:\apache-maven-3.8.5\repo\net\bytebuddy\byte-buddy\1.12.11\byte-buddy-1.12.11.jar;D:\apache-maven-3.8.5\repo\net\bytebuddy\byte-buddy-agent\1.12.11\byte-buddy-agent-1.12.11.jar;D:\apache-maven-3.8.5\repo\org\objenesis\objenesis\3.2\objenesis-3.2.jar;D:\apache-maven-3.8.5\repo\org\mockito\mockito-junit-jupiter\4.5.1\mockito-junit-jupiter-4.5.1.jar;D:\apache-maven-3.8.5\repo\org\skyscreamer\jsonassert\1.5.0\jsonassert-1.5.0.jar;D:\apache-maven-3.8.5\repo\com\vaadin\external\google\android-json\0.0.20131108.vaadin1\android-json-0.0.20131108.vaadin1.jar;D:\apache-maven-3.8.5\repo\org\springframework\spring-core\5.3.21\spring-core-5.3.21.jar;D:\apache-maven-3.8.5\repo\org\springframework\spring-jcl\5.3.21\spring-jcl-5.3.21.jar;D:\apache-maven-3.8.5\repo\org\springframework\spring-test\5.3.21\spring-test-5.3.21.jar;D:\apache-maven-3.8.5\repo\org\xmlunit\xmlunit-core\2.9.0\xmlunit-core-2.9.0.jar;D:\apache-maven-3.8.5\repo\com\alibaba\druid\1.2.11\druid-1.2.11.jar;D:\apache-maven-3.8.5\repo\org\springframework\boot\spring-boot-devtools\2.7.1\spring-boot-devtools-2.7.1.jar;D:\apache-maven-3.8.5\repo\org\springframework\boot\spring-boot\2.7.1\spring-boot-2.7.1.jar;D:\apache-maven-3.8.5\repo\org\springframework\boot\spring-boot-autoconfigure\2.7.1\spring-boot-autoconfigure-2.7.1.jar;"/>
    <property name="sun.cpu.endian" value="little"/>
    <property name="user.home" value="C:\Users\陶功林"/>
    <property name="user.language" value="zh"/>
    <property name="java.specification.vendor" value="Oracle Corporation"/>
    <property name="java.home" value="D:\Java_jdk1.8.0_101\jre"/>
    <property name="basedir" value="D:\后端\School"/>
    <property name="file.separator" value="\"/>
    <property name="line.separator" value="&#10;"/>
    <property name="java.vm.specification.vendor" value="Oracle Corporation"/>
    <property name="java.specification.name" value="Java Platform API Specification"/>
    <property name="java.awt.graphicsenv" value="sun.awt.Win32GraphicsEnvironment"/>
    <property name="surefire.real.class.path" value="C:\Users\陶功林\AppData\Local\Temp\surefire4685428446714310531\surefirebooter2389858916836587756.jar"/>
    <property name="sun.boot.class.path" value="D:\Java_jdk1.8.0_101\jre\lib\resources.jar;D:\Java_jdk1.8.0_101\jre\lib\rt.jar;D:\Java_jdk1.8.0_101\jre\lib\sunrsasign.jar;D:\Java_jdk1.8.0_101\jre\lib\jsse.jar;D:\Java_jdk1.8.0_101\jre\lib\jce.jar;D:\Java_jdk1.8.0_101\jre\lib\charsets.jar;D:\Java_jdk1.8.0_101\jre\lib\jfr.jar;D:\Java_jdk1.8.0_101\jre\classes"/>
    <property name="user.script" value=""/>
    <property name="sun.management.compiler" value="HotSpot 64-Bit Tiered Compilers"/>
    <property name="java.runtime.version" value="1.8.0_101-b13"/>
    <property name="user.name" value="陶功林"/>
    <property name="path.separator" value=";"/>
    <property name="os.version" value="10.0"/>
    <property name="java.endorsed.dirs" value="D:\Java_jdk1.8.0_101\jre\lib\endorsed"/>
    <property name="java.runtime.name" value="Java(TM) SE Runtime Environment"/>
    <property name="file.encoding" value="GBK"/>
    <property name="java.vm.name" value="Java HotSpot(TM) 64-Bit Server VM"/>
    <property name="localRepository" value="D:\apache-maven-3.8.5\repo"/>
    <property name="java.vendor.url.bug" value="http://bugreport.sun.com/bugreport/"/>
    <property name="java.io.tmpdir" value="C:\Users\陶功林\AppData\Local\Temp\"/>
    <property name="idea.version" value="2022.1"/>
    <property name="java.version" value="1.8.0_101"/>
    <property name="user.dir" value="D:\后端\School"/>
    <property name="os.arch" value="amd64"/>
    <property name="java.vm.specification.name" value="Java Virtual Machine Specification"/>
    <property name="java.awt.printerjob" value="sun.awt.windows.WPrinterJob"/>
    <property name="sun.os.patch.level" value=""/>
    <property name="java.library.path" value="D:\Java_jdk1.8.0_101\jre\bin;C:\WINDOWS\Sun\Java\bin;C:\WINDOWS\system32;C:\WINDOWS;C:\ProgramData\Oracle\Java\javapath;C:\Program Files\Common Files\Oracle\Java\javapath;D:\python3.9\Scripts\;D:\python3.9\;C:\Windows\system32;C:\Windows;C:\Windows\System32\Wbem;C:\Windows\System32\WindowsPowerShell\v1.0\;C:\Windows\System32\OpenSSH\;C:\Program Files (x86)\NVIDIA Corporation\PhysX\Common;C:\Program Files\NVIDIA Corporation\NVIDIA NvDLISR;D:\Git\cmd;C:\WINDOWS\system32;C:\WINDOWS;C:\WINDOWS\System32\Wbem;C:\WINDOWS\System32\WindowsPowerShell\v1.0\;C:\WINDOWS\System32\OpenSSH\;D:\apache-tomcat-9.0.62\bin;D:\apache-maven-3.8.5\bin;D:\Java\jdk-18\bin;D:\CLion\bin\cmake;D:\PyCharm Community Edition 2021.2.1\bin;D:\nodejs\;D:\anaconda3\Library\bin;D:\anaconda3;D:\anaconda3\Scripts;D:\mysql-8.0.28-winx64\bin;D:\微信web开发者工具\dll;D:\apache-tomcat-9.0.62\lib;D:\Subversion\bin;.;D:\Program Files\Java\jdk-15.0.2\bin;D:\Program Files\Java\jdk-15.0.2\jre\bin;D:\PyCharm 2021.3.3\bin;;C:\Users\陶功林\AppData\Local\Microsoft\WindowsApps;;D:\JetBrains\IntelliJ IDEA Community Edition 2021.1.1\bin;;D:\CLion 2021.1.3\bin;;D:\PyCharm Community Edition 2021.2.1\bin;;D:\Microsoft VS Code\bin;D:\IntelliJ IDEA 2021.2.3\bin;;C:\Users\陶功林\AppData\Roaming\npm;."/>
    <property name="java.vm.info" value="mixed mode"/>
    <property name="java.vendor" value="Oracle Corporation"/>
    <property name="java.vm.version" value="25.101-b13"/>
    <property name="java.ext.dirs" value="D:\Java_jdk1.8.0_101\jre\lib\ext;C:\WINDOWS\Sun\Java\lib\ext"/>
    <property name="sun.io.unicode.encoding" value="UnicodeLittle"/>
    <property name="java.class.version" value="52.0"/>
  </properties>
  <testcase name="testExam" classname="com.scu.student.SchoolApplicationTests" time="1.658"/>
  <testcase name="testCTable" classname="com.scu.student.SchoolApplicationTests" time="0.006"/>
  <testcase name="testStudent" classname="com.scu.student.SchoolApplicationTests" time="0.014"/>
</testsuite>